This is TeX, Version 3.14159 (Web2C 7.3.1) (format=latex 2001.9.23)  17 JAN 2002 09:38
**drdoc.tex
(drdoc.tex
LaTeX2e <2000/06/01>
Babel <v3.7h> and hyphenation patterns for american, french, german, ngerman, n
ohyphenation, loaded.
(/usr/share/texmf/tex/latex/base/article.cls
Document Class: article 2000/05/19 v1.4b Standard LaTeX document class
(/usr/share/texmf/tex/latex/base/size10.clo
File: size10.clo 2000/05/19 v1.4b Standard LaTeX file (size option)
)
\c@part=\count79
\c@section=\count80
\c@subsection=\count81
\c@subsubsection=\count82
\c@paragraph=\count83
\c@subparagraph=\count84
\c@figure=\count85
\c@table=\count86
\abovecaptionskip=\skip41
\belowcaptionskip=\skip42
\bibindent=\dimen102
)
(/HOME/faculty/sandy/tex/styles/Rd.sty
Package: Rd 

(/usr/share/texmf/tex/latex/base/ifthen.sty
Package: ifthen 1999/09/10 v1.1b Standard LaTeX ifthen package (DPC)
)
(/usr/share/texmf/tex/latex/tools/longtable.sty
Package: longtable 1998/05/13 v4.09 Multi-page Table package (DPC)
\LTleft=\skip43
\LTright=\skip44
\LTpre=\skip45
\LTpost=\skip46
\LTchunksize=\count87
\LTcapwidth=\dimen103
\LT@head=\box26
\LT@firsthead=\box27
\LT@foot=\box28
\LT@lastfoot=\box29
\LT@cols=\count88
\LT@rows=\count89
\c@LT@tables=\count90
\c@LT@chunks=\count91
\LT@p@ftn=\toks14
)
(/usr/share/texmf/tex/latex/tools/bm.sty
Package: bm 1999/07/05 v1.0g Bold Symbol Support (DPC/FMi)
\symboldoperators=\mathgroup4
\symboldletters=\mathgroup5
\symboldsymbols=\mathgroup6
LaTeX Font Info:    Redeclaring math alphabet \mathbf on input line 137.
LaTeX Info: Redefining \bm on input line 195.
)
(/usr/share/texmf/tex/latex/base/alltt.sty
Package: alltt 1997/06/16 v2.0g defines alltt environment
)
(/usr/share/texmf/tex/latex/tools/verbatim.sty
Package: verbatim 2000/08/23 v1.5o LaTeX2e package for verbatim enhancements
\every@verbatim=\toks15
\verbatim@line=\toks16
\verbatim@in@stream=\read1
)
(/usr/share/texmf/tex/latex/html/url.sty
Package: url 1999/03/02  ver 1.4  Verb mode for urls, email addresses, and file
 names
)
\middle=\skip47
\ldescriptionwidth=\skip48

(/usr/share/texmf/tex/latex/base/fontenc.sty
Package: fontenc 2000/08/30 v1.91 Standard LaTeX package

(/usr/share/texmf/tex/latex/base/t1enc.def
File: t1enc.def 2000/08/30 v1.91 Standard LaTeX file
LaTeX Font Info:    Redeclaring font encoding T1 on input line 38.
))
(/usr/share/texmf/tex/latex/ae/ae.sty
Package: ae 1998/11/17 1.0 Almost European Computer Modern

(/usr/share/texmf/tex/latex/base/fontenc.sty
Package: fontenc 2000/08/30 v1.91 Standard LaTeX package

(/usr/share/texmf/tex/latex/base/t1enc.def
File: t1enc.def 2000/08/30 v1.91 Standard LaTeX file
LaTeX Font Info:    Redeclaring font encoding T1 on input line 38.
)
LaTeX Font Info:    Try loading font information for T1+aer on input line 96.

(/usr/share/texmf/tex/latex/ae/t1aer.fd
File: t1aer.fd 1997/11/16 Font definitions for T1/aer.
)))
(/usr/share/texmf/tex/latex/ae/t1aett.fd
File: t1aett.fd 1997/11/16 Font definitions for T1/aett.
))
(/usr/share/texmf/tex/latex/html/html.sty
Package: html 1999/07/19 v1.38 hypertext commands for latex2html (nd, hws, rrm)

\c@lpart=\count92
\c@lchapter=\count93
\c@chapter=\count94
\c@lsection=\count95
\c@lsubsection=\count96
\c@lsubsubsection=\count97
\c@lparagraph=\count98
\c@lsubparagraph=\count99
\c@lsubsubparagraph=\count100
\ptrfile=\write3
) (drdoc.aux)
\openout1 = `drdoc.aux'.

LaTeX Font Info:    Checking defaults for OML/cmm/m/it on input line 47.
LaTeX Font Info:    ... okay on input line 47.
LaTeX Font Info:    Checking defaults for T1/cmr/m/n on input line 47.
LaTeX Font Info:    ... okay on input line 47.
LaTeX Font Info:    Checking defaults for OT1/cmr/m/n on input line 47.
LaTeX Font Info:    ... okay on input line 47.
LaTeX Font Info:    Checking defaults for OMS/cmsy/m/n on input line 47.
LaTeX Font Info:    ... okay on input line 47.
LaTeX Font Info:    Checking defaults for OMX/cmex/m/n on input line 47.
LaTeX Font Info:    ... okay on input line 47.
LaTeX Font Info:    Checking defaults for U/cmr/m/n on input line 47.
LaTeX Font Info:    ... okay on input line 47.
LaTeX Font Info:    Try loading font information for T1+aess on input line 48.

(/usr/share/texmf/tex/latex/ae/t1aess.fd
File: t1aess.fd 1997/11/16 Font definitions for T1/aess.
)
LaTeX Font Info:    External font `cmex10' loaded for size
(Font)              <12> on input line 48.
LaTeX Font Info:    External font `cmex10' loaded for size
(Font)              <8> on input line 48.
LaTeX Font Info:    External font `cmex10' loaded for size
(Font)              <6> on input line 48.
LaTeX Font Info:    External font `cmex10' loaded for size
(Font)              <5> on input line 48.
LaTeX Font Info:    External font `cmex10' loaded for size
(Font)              <9> on input line 52.
LaTeX Font Info:    External font `cmex10' loaded for size
(Font)              <7> on input line 77.
 [1

] [2] [3] [4] [5] [6] [7] [8]
[9] [10] [11] [12] [13] (latex/dr.tex [14] [15]) (latex/dr.estimate.weights.tex
[16]) (latex/dr.permutation.test.tex) (latex/plot.dr.tex [17])
(latex/rotplot.tex [18]) (latex/dr.x.tex [19]) (latex/cov.rob.tex [20] [21])
[22] (drdoc.aux) ) 
Here is how much of TeX's memory you used:
 1270 strings out of 25890
 13215 string characters out of 197430
 60544 words of memory out of 384000
 4190 multiletter control sequences out of 10000+15000
 47513 words of font info for 73 fonts, out of 400000 for 1000
 14 hyphenation exceptions out of 1000
 37i,11n,26p,591b,466s stack positions out of 300i,100n,500p,50000b,4000s

Output written on drdoc.dvi (22 pages, 69244 bytes).
