This is TeX, Version 3.14159 (Web2C 7.3.1) (format=latex 2001.9.23)  10 JAN 2002 09:16
**./images.tex
(./images.tex
LaTeX2e <2000/06/01>
Babel <v3.7h> and hyphenation patterns for american, french, german, ngerman, n
ohyphenation, loaded.

(/usr/share/texmf/tex/latex/base/article.cls
Document Class: article 2000/05/19 v1.4b Standard LaTeX document class
(/usr/share/texmf/tex/latex/base/size10.clo
File: size10.clo 2000/05/19 v1.4b Standard LaTeX file (size option)
)
\c@part=\count79
\c@section=\count80
\c@subsection=\count81
\c@subsubsection=\count82
\c@paragraph=\count83
\c@subparagraph=\count84
\c@figure=\count85
\c@table=\count86
\abovecaptionskip=\skip41
\belowcaptionskip=\skip42
\bibindent=\dimen102
) (/usr/share/texmf/tex/latex/base/ifthen.sty
Package: ifthen 1999/09/10 v1.1b Standard LaTeX ifthen package (DPC)
) (/HOME/faculty/sandy/tex/styles/Rd.sty
Package: Rd 
(/usr/share/texmf/tex/latex/tools/longtable.sty
Package: longtable 1998/05/13 v4.09 Multi-page Table package (DPC)
\LTleft=\skip43
\LTright=\skip44
\LTpre=\skip45
\LTpost=\skip46
\LTchunksize=\count87
\LTcapwidth=\dimen103
\LT@head=\box26
\LT@firsthead=\box27
\LT@foot=\box28
\LT@lastfoot=\box29
\LT@cols=\count88
\LT@rows=\count89
\c@LT@tables=\count90
\c@LT@chunks=\count91
\LT@p@ftn=\toks14
) (/usr/share/texmf/tex/latex/tools/bm.sty
Package: bm 1999/07/05 v1.0g Bold Symbol Support (DPC/FMi)
\symboldoperators=\mathgroup4
\symboldletters=\mathgroup5
\symboldsymbols=\mathgroup6
LaTeX Font Info:    Redeclaring math alphabet \mathbf on input line 137.
LaTeX Info: Redefining \bm on input line 195.
) (/usr/share/texmf/tex/latex/base/alltt.sty
Package: alltt 1997/06/16 v2.0g defines alltt environment
) (/usr/share/texmf/tex/latex/tools/verbatim.sty
Package: verbatim 2000/08/23 v1.5o LaTeX2e package for verbatim enhancements
\every@verbatim=\toks15
\verbatim@line=\toks16
\verbatim@in@stream=\read1
) (/usr/share/texmf/tex/latex/html/url.sty
Package: url 1999/03/02  ver 1.4  Verb mode for urls, email addresses, and file
 names
)
\middle=\skip47
\ldescriptionwidth=\skip48
(/usr/share/texmf/tex/latex/base/fontenc.sty
Package: fontenc 2000/08/30 v1.91 Standard LaTeX package
(/usr/share/texmf/tex/latex/base/t1enc.def
File: t1enc.def 2000/08/30 v1.91 Standard LaTeX file
LaTeX Font Info:    Redeclaring font encoding T1 on input line 38.
)) (/usr/share/texmf/tex/latex/ae/ae.sty
Package: ae 1998/11/17 1.0 Almost European Computer Modern
(/usr/share/texmf/tex/latex/base/fontenc.sty
Package: fontenc 2000/08/30 v1.91 Standard LaTeX package
(/usr/share/texmf/tex/latex/base/t1enc.def
File: t1enc.def 2000/08/30 v1.91 Standard LaTeX file
LaTeX Font Info:    Redeclaring font encoding T1 on input line 38.
)
LaTeX Font Info:    Try loading font information for T1+aer on input line 96.
(/usr/share/texmf/tex/latex/ae/t1aer.fd
File: t1aer.fd 1997/11/16 Font definitions for T1/aer.
))) (/usr/share/texmf/tex/latex/ae/t1aett.fd
File: t1aett.fd 1997/11/16 Font definitions for T1/aett.
)) (/usr/share/texmf/tex/latex/html/html.sty
Package: html 1999/07/19 v1.38 hypertext commands for latex2html (nd, hws, rrm)

\c@lpart=\count92
\c@lchapter=\count93
\c@chapter=\count94
\c@lsection=\count95
\c@lsubsection=\count96
\c@lsubsubsection=\count97
\c@lparagraph=\count98
\c@lsubparagraph=\count99
\c@lsubsubparagraph=\count100
\ptrfile=\write3
) (/usr/share/texmf/tex/latex/graphics/color.sty
Package: color 1999/02/16 v1.0i Standard LaTeX Color (DPC)
(/usr/share/texmf/tex/latex/config/color.cfg)
Package color Info: Driver file: dvips.def on input line 125.
(/usr/share/texmf/tex/latex/graphics/dvips.def
File: dvips.def 1999/02/16 v3.0i Driver-dependant file (DPC,SPQR)
) (/usr/share/texmf/tex/latex/graphics/dvipsnam.def
File: dvipsnam.def 1999/02/16 v3.0i Driver-dependant file (DPC,SPQR)
)) (/usr/share/texmf/tex/latex/base/inputenc.sty
Package: inputenc 2000/07/01 v0.996 Input encoding file 
)
\sizebox=\box30
\lthtmlwrite=\write4
(images.aux)
\openout1 = `images.aux'.

LaTeX Font Info:    Checking defaults for OML/cmm/m/it on input line 148.
LaTeX Font Info:    ... okay on input line 148.
LaTeX Font Info:    Checking defaults for T1/cmr/m/n on input line 148.
LaTeX Font Info:    ... okay on input line 148.
LaTeX Font Info:    Checking defaults for OT1/cmr/m/n on input line 148.
LaTeX Font Info:    ... okay on input line 148.
LaTeX Font Info:    Checking defaults for OMS/cmsy/m/n on input line 148.
LaTeX Font Info:    ... okay on input line 148.
LaTeX Font Info:    Checking defaults for OMX/cmex/m/n on input line 148.
LaTeX Font Info:    ... okay on input line 148.
LaTeX Font Info:    Checking defaults for U/cmr/m/n on input line 148.
LaTeX Font Info:    ... okay on input line 148.

latex2htmlLength hsize=349.0pt

latex2htmlLength vsize=641.53583pt

latex2htmlLength hoffset=0.0pt

latex2htmlLength voffset=0.0pt

latex2htmlLength topmargin=0.0pt

latex2htmlLength topskip=0.00003pt

latex2htmlLength headheight=0.0pt

latex2htmlLength headsep=0.0pt

latex2htmlLength parskip=0.0pt plus 1.0pt

latex2htmlLength oddsidemargin=28.45274pt

latex2htmlLength evensidemargin=28.45274pt

LaTeX Font Info:    External font `cmex10' loaded for size
(Font)              <7> on input line 172.
LaTeX Font Info:    External font `cmex10' loaded for size
(Font)              <5> on input line 172.
l2hSize :tex2html_wrap_inline667:6.94989pt::6.94989pt::5.76163pt.
[1



]
l2hSize :tex2html_wrap_inline669:6.94989pt::6.94989pt::5.53128pt.
[2


]
l2hSize :tex2html_wrap_inline671:6.44989pt::0.0pt::6.2153pt.
[3


]
l2hSize :tex2html_wrap_inline673:8.01782pt::8.01782pt::54.61414pt.
[4


]
l2hSize :tex2html_wrap_inline675:6.94444pt::0.0pt::5.7049pt.
[5


]
l2hSize :tex2html_wrap_inline679:6.94444pt::0.0pt::24.03813pt.
[6


]
l2hSize :tex2html_wrap_inline683:8.01782pt::8.01782pt::25.42711pt.
[7


]
l2hSize :tex2html_wrap_inline685:6.94444pt::0.0pt::24.03813pt.
[8


]
l2hSize :tex2html_wrap_inline689:7.44444pt::7.44444pt::40.4058pt.
[9


]
l2hSize :tex2html_wrap_inline693:7.44444pt::7.44444pt::43.1836pt.
[10


]
l2hSize :tex2html_wrap_inline697:6.94444pt::0.0pt::6.02087pt.
[11


]
l2hSize :tex2html_wrap_inline699:6.94444pt::0.0pt::24.35411pt.
[12


]
l2hSize :tex2html_wrap_inline705:8.0pt::8.0pt::29.85194pt.
[13


]
l2hSize :tex2html_wrap_inline709:6.83331pt::0.0pt::8.31949pt.
[14


]
l2hSize :tex2html_wrap_inline717:7.44444pt::7.44444pt::22.95828pt.
[15


]
l2hSize :tex2html_wrap_inline719:6.83331pt::0.0pt::8.58684pt.
[16


]
! Missing $ inserted.
<inserted text> 
                $
l.271 
      
I've inserted a begin-math/end-math symbol since I think
you left one out. Proceed, with fingers crossed.

! Display math should end with $$.
<to be read again> 
                   \par 
l.271 
      
The `$' that I just saw supposedly matches a previous `$$'.
So I shall assume that you typed `$$' both times.


! LaTeX Error: Bad math environment delimiter.

See the LaTeX manual or LaTeX Companion for explanation.
Type  H <return>  for immediate help.
 ...                                              
                                                  
l.272 \end{displaymath}
                       %
Your command was ignored.
Type  I <command> <return>  to replace it with another command,
or  <return>  to continue without it.

l2hSize :displaymath655:14.5pt::0.0pt::349.0pt.
[17


]
l2hSize :tex2html_wrap_inline721:6.83331pt::0.0pt::27.1006pt.
[18


]
l2hSize :tex2html_wrap_inline723:6.94989pt::6.94989pt::22.78467pt.
[19


]
l2hSize :tex2html_wrap_inline729:6.88586pt::0.0pt::42.10411pt.
[20


]
l2hSize :tex2html_wrap_inline731:6.83331pt::0.0pt::8.00005pt.
[21


]
l2hSize :tex2html_wrap_inline735:8.0pt::8.0pt::23.17015pt.
[22


]
l2hSize :tex2html_wrap_inline743:8.0pt::8.0pt::29.9989pt.
[23


]
l2hSize :tex2html_wrap_inline745:7.09525pt::7.09525pt::50.5028pt.
[24


]
l2hSize :tex2html_wrap_inline747:6.83331pt::0.0pt::9.56946pt.
[25


]
l2hSize :tex2html_wrap_inline749:6.83331pt::0.0pt::8.52782pt.
[26


]
l2hSize :tex2html_wrap_inline755:7.44444pt::7.44444pt::24.35411pt.
[27


]
l2hSize :tex2html_wrap_inline757:6.94989pt::6.94989pt::46.96988pt.
[28


]
l2hSize :tex2html_wrap_inline759:6.44989pt::0.0pt::6.50238pt.
[29


]
l2hSize :tex2html_wrap_inline761:6.94989pt::6.94989pt::29.32172pt.
[30


]
l2hSize :displaymath656:14.5pt::0.0pt::349.0pt.
[31


]
l2hSize :tex2html_wrap_inline769:8.00006pt::8.00006pt::80.68105pt.
[32


]
l2hSize :tex2html_wrap_inline771:8.0pt::8.0pt::61.4051pt.
[33


]
l2hSize :displaymath657:21.90236pt::0.0pt::349.0pt.
[34


]
l2hSize :tex2html_wrap_inline773:9.47221pt::0.0pt::26.54176pt.
[35


]
l2hSize :tex2html_wrap_inline777:6.44989pt::0.0pt::6.2153pt.
[36


]
l2hSize :tex2html_wrap_inline779:6.83331pt::0.0pt::8.0417pt.
[37


]
l2hSize :tex2html_wrap_inline785:9.47221pt::0.0pt::11.29169pt.
[38


]
l2hSize :tex2html_wrap_inline787:6.83331pt::0.0pt::11.29169pt.
[39


]
l2hSize :tex2html_wrap_inline789:8.0pt::8.0pt::61.87834pt.
[40


]
l2hSize :tex2html_wrap_inline797:10.08334pt::10.08334pt::70.71942pt.
[41


]
l2hSize :tex2html_wrap_inline801:7.44444pt::7.44444pt::43.27972pt.
[42


]
l2hSize :tex2html_wrap_inline805:7.44444pt::7.44444pt::28.72911pt.
[43


]
l2hSize :tex2html_wrap_inline807:7.44444pt::7.44444pt::28.72911pt.
[44


]
l2hSize :displaymath658:32.37508pt::0.0pt::349.0pt.
[45


]
l2hSize :tex2html_wrap_inline809:6.94444pt::0.0pt::4.82759pt.
[46


]
l2hSize :tex2html_wrap_inline811:6.44989pt::0.0pt::6.07642pt.
[47


]
l2hSize :tex2html_wrap_inline821:6.94444pt::0.0pt::13.16559pt.
[48


]
l2hSize :tex2html_wrap_inline823:7.44444pt::7.44444pt::58.4036pt.
[49


]
l2hSize :tex2html_wrap_inline843:6.94444pt::0.0pt::24.35411pt.
[50


]
l2hSize :tex2html_wrap_inline845:9.57217pt::9.57217pt::32.16664pt.
[51


]
l2hSize :tex2html_wrap_inline847:6.94989pt::6.94989pt::41.05544pt.
[52


]
l2hSize :tex2html_wrap_inline855:8.01782pt::8.01782pt::50.48402pt.
[53


]
l2hSize :tex2html_wrap_inline857:7.51782pt::0.0pt::17.10767pt.
[54


]
l2hSize :tex2html_wrap_inline863:8.01782pt::8.01782pt::83.42944pt.
[55


]
l2hSize :tex2html_wrap_inline867:8.0pt::8.0pt::65.23032pt.
[56


]
l2hSize :tex2html_wrap_inline869:8.0pt::8.0pt::29.22697pt.
[57


]
l2hSize :tex2html_wrap_inline873:6.94444pt::0.0pt::6.26161pt.
[58


]
l2hSize :tex2html_wrap_inline879:7.33331pt::7.33331pt::69.58664pt.
[59


]
l2hSize :tex2html_wrap_inline883:6.94444pt::0.0pt::24.35411pt.
[60


]
l2hSize :tex2html_wrap_inline885:7.33331pt::7.33331pt::10.79172pt.
[61


]
l2hSize :tex2html_wrap_inline887:7.33331pt::7.33331pt::10.79172pt.
[62


]
l2hSize :tex2html_wrap_inline889:7.33331pt::7.33331pt::10.79172pt.
[63


]
l2hSize :tex2html_wrap_inline891:7.44444pt::7.44444pt::82.3724pt.
[64


]
l2hSize :tex2html_wrap_inline899:7.44444pt::7.44444pt::23.515pt.
[65


]
l2hSize :tex2html_wrap_inline901:6.59525pt::0.0pt::3.94516pt.
[66


]
l2hSize :tex2html_wrap_inline909:8.0pt::8.0pt::33.425pt.
[67


]
l2hSize :tex2html_wrap_inline923:6.94444pt::0.0pt::24.03813pt.
[68


]
l2hSize :tex2html_wrap_inline925:7.44444pt::7.44444pt::24.03813pt.
[69


]
l2hSize :tex2html_wrap_inline933:7.44444pt::7.44444pt::24.03813pt.
[70


]
l2hSize :tex2html_wrap_inline937:6.44989pt::0.0pt::23.27788pt.
[71


]
l2hSize :tex2html_wrap_inline943:7.44444pt::7.44444pt::24.03813pt.
[72


]
l2hSize :tex2html_wrap_inline947:6.44989pt::0.0pt::18.27786pt.
[73


]
l2hSize :tex2html_wrap_inline955:7.33331pt::7.33331pt::10.97653pt.
[74


]
l2hSize :displaymath659:21.06903pt::0.0pt::349.0pt.
[75


]
l2hSize :tex2html_wrap_inline961:6.94989pt::6.94989pt::8.599pt.
[76


]
l2hSize :displaymath660:30.31258pt::0.0pt::349.0pt.
[77


]
l2hSize :tex2html_wrap_inline967:7.44444pt::7.44444pt::8.72517pt.
[78


]
l2hSize :tex2html_wrap_inline969:6.94989pt::6.94989pt::8.73213pt.
[79


]
l2hSize :tex2html_wrap_inline973:6.94989pt::6.94989pt::10.98848pt.
[80


]
l2hSize :tex2html_wrap_inline977:8.00006pt::8.00006pt::42.54626pt.
[81


]
l2hSize :tex2html_wrap_inline997:8.0pt::8.0pt::20.85786pt.
[82


]
l2hSize :tex2html_wrap_inline999:6.94989pt::6.94989pt::19.47342pt.
[83


]
l2hSize :table185:275.54694pt::0.0pt::349.0pt.
[84


]
l2hSize :tex2html_wrap_inline1007:6.94989pt::6.94989pt::23.75577pt.
[85


]
l2hSize :table208:198.54694pt::0.0pt::349.0pt.
[86


]
l2hSize :tex2html_wrap_inline1019:6.44989pt::0.0pt::9.28017pt.
[87


]
l2hSize :tex2html_wrap_inline1021:6.83331pt::0.0pt::7.20834pt.
[88


]
l2hSize :tex2html_wrap_inline1035:9.37892pt::9.37892pt::92.55782pt.
[89


]
l2hSize :tex2html_wrap_inline1037:8.0pt::8.0pt::35.7107pt.
[90


]
l2hSize :tex2html_wrap_inline1041:8.0pt::8.0pt::30.4028pt.
[91


]
l2hSize :tex2html_wrap_inline1043:6.94444pt::0.0pt::4.79169pt.
[92


]
l2hSize :tex2html_wrap_inline1045:8.64003pt::8.64003pt::40.96184pt.
[93


]
l2hSize :tex2html_wrap_inline1059:6.83331pt::0.0pt::17.48749pt.
[94


]
l2hSize :tex2html_wrap_inline1061:6.83331pt::0.0pt::8.41806pt.
[95


]
l2hSize :tex2html_wrap_inline1073:8.87892pt::0.0pt::13.20573pt.
[96


]
l2hSize :tex2html_wrap_inline1075:6.94989pt::6.94989pt::23.86452pt.
[97


]
l2hSize :tex2html_wrap_inline1077:6.44989pt::0.0pt::16.05556pt.
[98


]
l2hSize :Description1781:63.26456pt::0.0pt::349.0pt.
[99


]
Overfull \hbox (56.82677pt too wide) in paragraph at lines 862--862
 []\T1/aett/m/n/10 dr(formula, data=list(), subset, weights, na.action=na.omit,
 method="sir",[] 
 []

l2hSize :Usage1783:74.70448pt::0.0pt::349.0pt.
[100


]
Overfull \hbox (5.07396pt too wide) in paragraph at lines 874--877
[]\T1/aer/m/n/10 an op-tional data frame con-tain-ing the vari-ables in the mod
el.
 []


Overfull \hbox (23.37288pt too wide) in paragraph at lines 889--891
[]\T1/aer/m/n/10 an op-tional list. See the `con-trasts.arg' of `model.matrix.d
efault'. 
 []

l2hSize :Arguments1787:367.26456pt::0.0pt::349.0pt.
[101


]
Overfull \hbox (31.21172pt too wide) in paragraph at lines 923--929
[]\T1/aer/m/n/10 Several func-tions are pro-vided that re-quire a dr ob-ject as
 in-put. dr.permutation.tests
 []

l2hSize :Details1801:321.32462pt::0.0pt::349.0pt.
[102


]
l2hSize :Value1827:263.26456pt::0.0pt::349.0pt.
[103


]
l2hSize :Author1840:51.8646pt::0.0pt::349.0pt.
[104


]
l2hSize :References1842:87.82462pt::0.0pt::349.0pt.
[105


]
l2hSize :SeeAlso1844:51.26456pt::0.0pt::349.0pt.
[106


]
l2hSize :Examples1846:171.32253pt::0.0pt::349.0pt.
[107


]
l2hSize :Description1868:63.26456pt::0.0pt::349.0pt.
[108


]
l2hSize :Usage1870:63.54459pt::0.0pt::349.0pt.
[109


]
l2hSize :Arguments1874:95.26456pt::0.0pt::349.0pt.
[110


]
l2hSize :Value1881:63.26456pt::0.0pt::349.0pt.
[111


]
l2hSize :References1885:63.26456pt::0.0pt::349.0pt.
[112


]
l2hSize :SeeAlso1887:49.32462pt::0.0pt::349.0pt.
[113


]
l2hSize :Examples1890:105.32253pt::0.0pt::349.0pt.
[114


]
l2hSize :Description1901:63.26456pt::0.0pt::349.0pt.
[115


]
Overfull \hbox (56.82677pt too wide) in paragraph at lines 1084--1084
 []\T1/aett/m/n/10 plot.dr(object, which=1:object$numdir, mark.by.y=F,plot.meth
od=pairs, ...)[] 
 []

l2hSize :Usage1903:75.54459pt::0.0pt::349.0pt.
[116


]
l2hSize :Arguments1907:175.26456pt::0.0pt::349.0pt.
[117


]
l2hSize :Value1916:63.26456pt::0.0pt::349.0pt.
[118


]
l2hSize :References1920:63.26456pt::0.0pt::349.0pt.
[119


]
l2hSize :Examples1922:127.32253pt::0.0pt::349.0pt.
[120


]
l2hSize :Description1932:63.26456pt::0.0pt::349.0pt.
[121


]
l2hSize :Usage1934:63.54459pt::0.0pt::349.0pt.
[122


]
l2hSize :Arguments1938:111.26456pt::0.0pt::349.0pt.
[123


]
l2hSize :Details1946:63.26456pt::0.0pt::349.0pt.
[124


]
l2hSize :Value1948:51.26456pt::0.0pt::349.0pt.
[125


]
l2hSize :Examples1952:92.32462pt::0.0pt::349.0pt.
[126


]
l2hSize :Description1964:63.26456pt::0.0pt::349.0pt.
[127


]
l2hSize :Usage1966:87.54459pt::0.0pt::349.0pt.
[128


]
l2hSize :Arguments1970:147.26456pt::0.0pt::349.0pt.
[129


]
l2hSize :Value1980:75.26456pt::0.0pt::349.0pt.
[130


]
l2hSize :Author1984:51.8646pt::0.0pt::349.0pt.
[131


]
l2hSize :SeeAlso1986:49.32462pt::0.0pt::349.0pt.
[132


]
l2hSize :Examples1988:94.32253pt::0.0pt::349.0pt.
[133


]
l2hSize :Description1998:75.26456pt::0.0pt::349.0pt.
[134


]
Overfull \hbox (51.58678pt too wide) in paragraph at lines 1290--1290
 []\T1/aett/m/n/10 dr.estimate.weights(object, sigma=1, covmethod="mve", nsampl
es=NULL, ...)[] 
 []

l2hSize :Usage2000:86.70448pt::0.0pt::349.0pt.
[135


]
l2hSize :Arguments2004:239.26456pt::0.0pt::349.0pt.
[136


]
l2hSize :Details2023:111.26456pt::0.0pt::349.0pt.
[137


]
l2hSize :Value2028:51.26456pt::0.0pt::349.0pt.
[138


]
l2hSize :References2032:75.26456pt::0.0pt::349.0pt.
[139


]
l2hSize :SeeAlso2034:51.54459pt::0.0pt::349.0pt.
[140


]
l2hSize :Examples2038:48.32462pt::0.0pt::349.0pt.
[141


]
l2hSize :Description2057:75.54459pt::0.0pt::349.0pt.
[142


]
Overfull \hbox (25.38683pt too wide) in paragraph at lines 1379--1379
 []        \T1/aett/m/n/10 method = c("mve", "mcd", "classical"), nsamp = "best
", seed)[] 
 []

l2hSize :Usage2062:123.54459pt::0.0pt::349.0pt.
[143


]
l2hSize :Arguments2066:249.32462pt::0.0pt::349.0pt.
[144


]
Overfull \hbox (28.86606pt too wide) in paragraph at lines 1415--1426
[]\T1/aer/m/n/10 For method \T1/aett/m/n/10 "mve"\T1/aer/m/n/10 , an ap-prox-i-
mate search is made of a sub-set of size \T1/aett/m/n/10 quantile.used
 []

l2hSize :Details2090:275.82462pt::0.0pt::349.0pt.
[145


]
l2hSize :Value2102:203.32462pt::0.0pt::349.0pt.
[146


]
l2hSize :Author2115:51.8646pt::0.0pt::349.0pt.
[147


]
l2hSize :References2117:199.26456pt::0.0pt::349.0pt.
[148


]
l2hSize :SeeAlso2127:51.54459pt::0.0pt::349.0pt.
[149


]
l2hSize :Examples2130:83.32253pt::0.0pt::349.0pt.
[150


] (images.aux) ) 
Here is how much of TeX's memory you used:
 1476 strings out of 25890
 16429 string characters out of 197430
 61808 words of memory out of 384000
 4440 multiletter control sequences out of 10000+15000
 14083 words of font info for 30 fonts, out of 400000 for 1000
 14 hyphenation exceptions out of 1000
 37i,5n,23p,589b,375s stack positions out of 300i,100n,500p,50000b,4000s

Output written on images.dvi (150 pages, 56784 bytes).
